Start Tue Jul 15 17:43:35 UTC 2014
Continiuum safe nearest 1 Tue Jul 15 17:43:35 UTC 2014
Continiuum safe nearest 2 Tue Jul 15 17:53:30 UTC 2014
Continiuum safe primary 1 Tue Jul 15 18:03:24 UTC 2014
Continiuum safe primary 2 Tue Jul 15 18:13:20 UTC 2014
Continiuum safe primarypreferred 1 Tue Jul 15 18:23:15 UTC 2014
Continiuum safe primarypreferred 2 Tue Jul 15 18:33:09 UTC 2014
Continiuum safe secondary 1 Tue Jul 15 18:43:04 UTC 2014
Continiuum safe secondary 2 Tue Jul 15 18:52:59 UTC 2014
Continiuum safe secondarypreferred 1 Tue Jul 15 19:02:54 UTC 2014
Continiuum safe secondarypreferred 2 Tue Jul 15 19:12:50 UTC 2014
Continiuum normal nearest 1 Tue Jul 15 19:22:45 UTC 2014
Continiuum normal nearest 2 Tue Jul 15 19:32:41 UTC 2014
Continiuum normal primary 1 Tue Jul 15 19:42:37 UTC 2014
Continiuum normal primary 2 Tue Jul 15 19:52:32 UTC 2014
Continiuum normal primarypreferred 1 Tue Jul 15 20:02:26 UTC 2014
Continiuum normal primarypreferred 2 Tue Jul 15 20:12:21 UTC 2014
Continiuum normal secondary 1 Tue Jul 15 20:22:16 UTC 2014
Continiuum normal secondary 2 Tue Jul 15 20:32:12 UTC 2014
Continiuum normal secondarypreferred 1 Tue Jul 15 20:42:07 UTC 2014
Continiuum normal secondarypreferred 2 Tue Jul 15 20:52:02 UTC 2014
Continiuum fsync_safe nearest 1 Tue Jul 15 21:01:57 UTC 2014
Continiuum fsync_safe nearest 2 Tue Jul 15 21:11:53 UTC 2014
Continiuum fsync_safe primary 1 Tue Jul 15 21:21:48 UTC 2014
Continiuum fsync_safe primary 2 Tue Jul 15 21:31:43 UTC 2014
Continiuum fsync_safe primarypreferred 1 Tue Jul 15 21:41:39 UTC 2014
Continiuum fsync_safe primarypreferred 2 Tue Jul 15 21:51:34 UTC 2014
Continiuum fsync_safe secondary 1 Tue Jul 15 22:01:29 UTC 2014
Continiuum fsync_safe secondary 2 Tue Jul 15 22:11:25 UTC 2014
Continiuum fsync_safe secondarypreferred 1 Tue Jul 15 22:21:21 UTC 2014
Continiuum fsync_safe secondarypreferred 2 Tue Jul 15 22:31:15 UTC 2014
Continiuum replicas_safe nearest 1 Tue Jul 15 22:41:11 UTC 2014
Continiuum replicas_safe nearest 2 Tue Jul 15 22:51:06 UTC 2014
Continiuum replicas_safe primary 1 Tue Jul 15 23:01:01 UTC 2014
Continiuum replicas_safe primary 2 Tue Jul 15 23:11:00 UTC 2014
Continiuum replicas_safe primarypreferred 1 Tue Jul 15 23:20:57 UTC 2014
Continiuum replicas_safe primarypreferred 2 Tue Jul 15 23:30:52 UTC 2014
Continiuum replicas_safe secondary 1 Tue Jul 15 23:40:49 UTC 2014
Continiuum replicas_safe secondary 2 Tue Jul 15 23:50:44 UTC 2014
Continiuum replicas_safe secondarypreferred 1 Wed Jul 16 00:00:41 UTC 2014
Continiuum replicas_safe secondarypreferred 2 Wed Jul 16 00:10:38 UTC 2014
Continiuum majority nearest 1 Wed Jul 16 00:20:35 UTC 2014
Continiuum majority nearest 2 Wed Jul 16 00:30:30 UTC 2014
Continiuum majority primary 1 Wed Jul 16 00:40:26 UTC 2014
Continiuum majority primary 2 Wed Jul 16 00:50:22 UTC 2014
Continiuum majority primarypreferred 1 Wed Jul 16 01:00:17 UTC 2014
Continiuum majority primarypreferred 2 Wed Jul 16 01:10:13 UTC 2014
Continiuum majority secondary 1 Wed Jul 16 01:20:07 UTC 2014
Continiuum majority secondary 2 Wed Jul 16 01:30:02 UTC 2014
Continiuum majority secondarypreferred 1 Wed Jul 16 01:39:57 UTC 2014
Continiuum majority secondarypreferred 2 Wed Jul 16 01:49:53 UTC 2014
